<?xml version="1.0" encoding="UTF-8"?>
<!-- Generated by org.testng.reporters.JUnitXMLReporter -->
<testsuite hostname="LAPTOP-CG535SMD" ignored="1" name="opencartTests" tests="2" failures="2" timestamp="2021-10-25T22:44:04 IST" time="5.702" errors="0">
  <testcase name="test_accout_Registration" time="0.006" classname="testcases.TC_001_AccountRegistration">
    <failure type="java.lang.AssertionError" message="null">
      <![CDATA[java.lang.AssertionError: null
at testcases.TC_001_AccountRegistration.test_accout_Registration(TC_001_AccountRegistration.java:81)
at java.util.ArrayList.forEach(ArrayList.java:1259)
... Removed 29 stack frames]]>
    </failure>
  </testcase> <!-- test_accout_Registration -->
  <testcase name="test_Login" time="0.002" classname="testcases.TC_002_Login">
    <failure type="java.lang.AssertionError" message="null">
      <![CDATA[java.lang.AssertionError: null
at testcases.TC_002_Login.test_Login(TC_002_Login.java:62)
at java.util.ArrayList.forEach(ArrayList.java:1259)
... Removed 29 stack frames]]>
    </failure>
  </testcase> <!-- test_Login -->
  <testcase name="test_LoginDDT" time="0.0" classname="testcases.TC_003_LoginDDT">
    <ignored/>
  </testcase> <!-- test_LoginDDT -->
</testsuite> <!-- opencartTests -->
